<?xml version="1.0" encoding="UTF-8"?>
<testsuite name="edu.isu.cs2263.hw01.AppTest" tests="1" skipped="0" failures="0" errors="0" timestamp="2021-09-13T22:05:18" hostname="DESKTOP-Q5QS36F" time="0.079">
  <properties/>
  <testcase name="appHasAGreeting()" classname="edu.isu.cs2263.hw01.AppTest" time="0.079"/>
  <system-out><![CDATA[]]></system-out>
  <system-err><![CDATA[]]></system-err>
</testsuite>
